app/build/outputs/logs/manifest-merger-debug-report.txt
-- Merging decision tree log ---
manifest
ADDED from src/main/AndroidManifest.xml:2:1-85:12
	package
		ADDED from src/main/AndroidManifest.xml:3:5-44
		INJECTED from src/main/AndroidManifest.xml
		INJECTED from src/main/AndroidManifest.xml
	android:versionName
		INJECTED from src/main/AndroidManifest.xml
		INJECTED from src/main/AndroidManifest.xml
	xmlns:android
		ADDED from src/main/AndroidManifest.xml:2:11-69
	android:versionCode
		INJECTED from src/main/AndroidManifest.xml
		INJECTED from src/main/AndroidManifest.xml
uses-permission#android.permission.SEND_SMS
ADDED from src/main/AndroidManifest.xml:5:5-67
	android:name
		ADDED from src/main/AndroidManifest.xml:5:22-64
application
ADDED from src/main/AndroidManifest.xml:7:5-83:19
MERGED from [com.android.support:mediarouter-v7:25.3.1] AndroidManifest.xml:26:5-20
MERGED from [com.github.ozodrukh:CircularReveal:1.3.1] AndroidManifest.xml:10:5-20
MERGED from [com.github.afollestad.material-dialogs:core:0.8.5.8] AndroidManifest.xml:13:5-20
MERGED from [com.github.manuelpeinado.fadingactionbar:fadingactionbar:3.1.2] AndroidManifest.xml:6:5-93
MERGED from [com.android.support:palette-v7:25.3.1] AndroidManifest.xml:26:5-20
MERGED from [com.android.support:design:25.3.1] AndroidManifest.xml:29:5-20
MERGED from [com.android.support:transition:25.3.1] AndroidManifest.xml:26:5-20
MERGED from [com.android.support:cardview-v7:25.3.1] AndroidManifest.xml:26:5-20
MERGED from [com.hanks.animatecheckbox:library:0.1] AndroidManifest.xml:11:5-15:19
MERGED from [de.hdodenhof:circleimageview:2.0.0] AndroidManifest.xml:9:5-20
MERGED from [com.github.vatsaldesai92:MyDynamicToastLibrary:1.0.1] AndroidManifest.xml:11:5-15:19
MERGED from [com.eminayar.panterdialog:panter-dialog:0.0.2.1] AndroidManifest.xml:11:5-15:19
MERGED from [com.github.apl-devs:appintro:v4.2.0] AndroidManifest.xml:11:5-47
MERGED from [com.android.support:appcompat-v7:25.3.1] AndroidManifest.xml:29:5-20
MERGED from [com.android.support:support-v4:25.3.1] AndroidManifest.xml:29:5-20
MERGED from [com.android.support:support-fragment:25.3.1] AndroidManifest.xml:29:5-20
MERGED from [com.android.support:support-media-compat:25.3.1] AndroidManifest.xml:29:5-20
MERGED from [com.android.support:support-core-ui:25.3.1] AndroidManifest.xml:29:5-20
MERGED from [com.android.support:support-core-utils:25.3.1] AndroidManifest.xml:29:5-20
MERGED from [com.android.support:animated-vector-drawable:25.3.1] AndroidManifest.xml:26:5-20
MERGED from [com.android.support:support-vector-drawable:25.3.1] AndroidManifest.xml:26:5-20
MERGED from [com.android.support:support-compat:25.3.1] AndroidManifest.xml:29:5-20
	android:label
		ADDED from src/main/AndroidManifest.xml:9:9-41
	android:supportsRtl
		ADDED from [com.hanks.animatecheckbox:library:0.1] AndroidManifest.xml:14:9-35
	xmlns:tools
		ADDED from [com.github.manuelpeinado.fadingactionbar:fadingactionbar:3.1.2] AndroidManifest.xml:6:18-64
	tools:ignore
		ADDED from [com.github.manuelpeinado.fadingactionbar:fadingactionbar:3.1.2] AndroidManifest.xml:6:65-91
	android:icon
		ADDED from src/main/AndroidManifest.xml:8:9-42
	android:allowBackup
		ADDED from [com.hanks.animatecheckbox:library:0.1] AndroidManifest.xml:12:9-35
	android:theme
		ADDED from src/main/AndroidManifest.xml:10:9-40
activity#com.harryfultz.studentmanager.activities.MainPage
ADDED from src/main/AndroidManifest.xml:11:9-20:20
	android:label
		ADDED from src/main/AndroidManifest.xml:13:13-45
	android:theme
		ADDED from src/main/AndroidManifest.xml:14:13-53
	android:name
		ADDED from src/main/AndroidManifest.xml:12:13-77
intent-filter#android.intent.action.MAIN+android.intent.category.LAUNCHER
ADDED from src/main/AndroidManifest.xml:15:13-19:29
action#android.intent.action.MAIN
ADDED from src/main/AndroidManifest.xml:16:17-69
	android:name
		ADDED from src/main/AndroidManifest.xml:16:25-66
category#android.intent.category.LAUNCHER
ADDED from src/main/AndroidManifest.xml:18:17-77
	android:name
		ADDED from src/main/AndroidManifest.xml:18:27-74
activity#com.harryfultz.studentmanager.activities.Mungesa
ADDED from src/main/AndroidManifest.xml:21:9-34:20
	android:label
		ADDED from src/main/AndroidManifest.xml:23:13-36
	android:parentActivityName
		ADDED from src/main/AndroidManifest.xml:24:13-91
	android:theme
		ADDED from src/main/AndroidManifest.xml:25:13-56
	android:name
		ADDED from src/main/AndroidManifest.xml:22:13-76
intent-filter#android.intent.category.DEFAULT+com.harryfultz.studentmanager.Mungesa
ADDED from src/main/AndroidManifest.xml:26:13-30:29
action#com.harryfultz.studentmanager.Mungesa
ADDED from src/main/AndroidManifest.xml:27:17-80
	android:name
		ADDED from src/main/AndroidManifest.xml:27:25-77
category#android.intent.category.DEFAULT
ADDED from src/main/AndroidManifest.xml:29:17-76
	android:name
		ADDED from src/main/AndroidManifest.xml:29:27-73
meta-data#android.support.PARENT_ACTIVITY
ADDED from src/main/AndroidManifest.xml:31:13-33:85
	android:value
		ADDED from src/main/AndroidManifest.xml:33:17-82
	android:name
		ADDED from src/main/AndroidManifest.xml:32:17-63
activity#com.harryfultz.studentmanager.activities.About
ADDED from src/main/AndroidManifest.xml:35:9-44:20
	android:configChanges
		ADDED from src/main/AndroidManifest.xml:37:13-59
	android:theme
		ADDED from src/main/AndroidManifest.xml:38:13-56
	android:name
		ADDED from src/main/AndroidManifest.xml:36:13-74
intent-filter#android.intent.category.DEFAULT+com.harryfultz.studentmanager.About
ADDED from src/main/AndroidManifest.xml:39:13-43:29
action#com.harryfultz.studentmanager.About
ADDED from src/main/AndroidManifest.xml:40:17-78
	android:name
		ADDED from src/main/AndroidManifest.xml:40:25-75
activity#com.harryfultz.studentmanager.activities.ShtoStudent
ADDED from src/main/AndroidManifest.xml:46:9-59:20
	android:label
		ADDED from src/main/AndroidManifest.xml:48:13-40
	android:parentActivityName
		ADDED from src/main/AndroidManifest.xml:50:13-90
	android:windowSoftInputMode
		ADDED from src/main/AndroidManifest.xml:49:13-55
	android:theme
		ADDED from src/main/AndroidManifest.xml:51:13-56
	android:name
		ADDED from src/main/AndroidManifest.xml:47:13-80
intent-filter#android.intent.category.DEFAULT+com.harryfultz.studentmanager.ShtoStudent
ADDED from src/main/AndroidManifest.xml:52:13-55:29
action#com.harryfultz.studentmanager.ShtoStudent
ADDED from src/main/AndroidManifest.xml:53:17-84
	android:name
		ADDED from src/main/AndroidManifest.xml:53:25-81
activity#com.harryfultz.studentmanager.activities.SettingsActivity
ADDED from src/main/AndroidManifest.xml:60:9-68:20
	android:label
		ADDED from src/main/AndroidManifest.xml:62:13-60
	android:parentActivityName
		ADDED from src/main/AndroidManifest.xml:63:13-91
	android:name
		ADDED from src/main/AndroidManifest.xml:61:13-85
activity#com.harryfultz.studentmanager.activities.SpecialComplain
ADDED from src/main/AndroidManifest.xml:69:9-77:20
	android:label
		ADDED from src/main/AndroidManifest.xml:71:13-68
	android:parentActivityName
		ADDED from src/main/AndroidManifest.xml:72:13-91
	android:theme
		ADDED from src/main/AndroidManifest.xml:73:13-56
	android:name
		ADDED from src/main/AndroidManifest.xml:70:13-84
activity#com.harryfultz.studentmanager.activities.IntroActivity
ADDED from src/main/AndroidManifest.xml:79:9-82:62
	android:configChanges
		ADDED from src/main/AndroidManifest.xml:82:13-59
	android:theme
		ADDED from src/main/AndroidManifest.xml:81:13-56
	android:name
		ADDED from src/main/AndroidManifest.xml:80:13-82
uses-sdk
INJECTED from src/main/AndroidManifest.xml reason: use-sdk injection requested
MERGED from [com.android.support:mediarouter-v7:25.3.1] AndroidManifest.xml:20:5-43
MERGED from [com.github.coyarzun89:fabtransitionactivity:0.2.0] AndroidManifest.xml:7:5-9:41
MERGED from [com.github.ozodrukh:CircularReveal:1.3.1] AndroidManifest.xml:6:5-8:41
MERGED from [com.github.javiersantos:MaterialStyledDialogs:1.3.1] AndroidManifest.xml:7:5-9:41
MERGED from [com.github.afollestad.material-dialogs:core:0.8.5.8] AndroidManifest.xml:8:5-11:75
MERGED from [me.zhanghai.android.materialprogressbar:library:1.1.5] AndroidManifest.xml:12:5-14:41
MERGED from [com.github.manuelpeinado.fadingactionbar:fadingactionbar:3.1.2] AndroidManifest.xml:4:5-72
MERGED from [com.klinkerapps:sliding-activity:1.2.3] AndroidManifest.xml:23:5-25:41
MERGED from [com.android.support:palette-v7:25.3.1] AndroidManifest.xml:20:5-43
MERGED from [com.android.support:design:25.3.1] AndroidManifest.xml:21:5-23:62
MERGED from [com.android.support:transition:25.3.1] AndroidManifest.xml:20:5-44
MERGED from [com.android.support:cardview-v7:25.3.1] AndroidManifest.xml:20:5-43
MERGED from [com.orhanobut:dialogplus:1.11] AndroidManifest.xml:6:5-8:41
MERGED from [com.hanks.animatecheckbox:library:0.1] AndroidManifest.xml:7:5-9:41
MERGED from [com.baoyz.swipemenulistview:library:1.3.0] AndroidManifest.xml:7:5-9:41
MERGED from [de.hdodenhof:circleimageview:2.0.0] AndroidManifest.xml:5:5-7:41
MERGED from [com.github.vatsaldesai92:MyDynamicToastLibrary:1.0.1] AndroidManifest.xml:7:5-9:41
MERGED from [com.eminayar.panterdialog:panter-dialog:0.0.2.1] AndroidManifest.xml:7:5-9:41
MERGED from [com.android.support:recyclerview-v7:25.3.1] AndroidManifest.xml:20:5-43
MERGED from [com.github.apl-devs:appintro:v4.2.0] AndroidManifest.xml:7:5-9:41
MERGED from [com.android.support:appcompat-v7:25.3.1] AndroidManifest.xml:21:5-23:78
MERGED from [com.android.support:support-v4:25.3.1] AndroidManifest.xml:21:5-23:54
MERGED from [com.android.support:support-fragment:25.3.1] AndroidManifest.xml:21:5-23:60
MERGED from [com.android.support:support-media-compat:25.3.1] AndroidManifest.xml:21:5-23:63
MERGED from [com.android.support:support-core-ui:25.3.1] AndroidManifest.xml:21:5-23:58
MERGED from [com.android.support:support-core-utils:25.3.1] AndroidManifest.xml:21:5-23:61
MERGED from [com.android.support:animated-vector-drawable:25.3.1] AndroidManifest.xml:20:5-44
MERGED from [com.android.support:support-vector-drawable:25.3.1] AndroidManifest.xml:20:5-43
MERGED from [com.android.support:support-compat:25.3.1] AndroidManifest.xml:21:5-23:58
	tools:overrideLibrary
		ADDED from [com.github.afollestad.material-dialogs:core:0.8.5.8] AndroidManifest.xml:11:9-72
	android:targetSdkVersion
		INJECTED from src/main/AndroidManifest.xml
		INJECTED from src/main/AndroidManifest.xml
	android:minSdkVersion
		INJECTED from src/main/AndroidManifest.xml
		INJECTED from src/main/AndroidManifest.xml
meta-data#android.support.VERSION
ADDED from [com.android.support:mediarouter-v7:25.3.1] AndroidManifest.xml:22:5-24:34
MERGED from [com.android.support:palette-v7:25.3.1] AndroidManifest.xml:22:5-24:34
MERGED from [com.android.support:design:25.3.1] AndroidManifest.xml:25:5-27:34
MERGED from [com.android.support:transition:25.3.1] AndroidManifest.xml:22:5-24:34
MERGED from [com.android.support:cardview-v7:25.3.1] AndroidManifest.xml:22:5-24:34
MERGED from [com.android.support:recyclerview-v7:25.3.1] AndroidManifest.xml:22:5-24:34
MERGED from [com.android.support:appcompat-v7:25.3.1] AndroidManifest.xml:25:5-27:34
MERGED from [com.android.support:support-v4:25.3.1] AndroidManifest.xml:25:5-27:34
MERGED from [com.android.support:support-fragment:25.3.1] AndroidManifest.xml:25:5-27:34
MERGED from [com.android.support:support-media-compat:25.3.1] AndroidManifest.xml:25:5-27:34
MERGED from [com.android.support:support-core-ui:25.3.1] AndroidManifest.xml:25:5-27:34
MERGED from [com.android.support:support-core-utils:25.3.1] AndroidManifest.xml:25:5-27:34
MERGED from [com.android.support:animated-vector-drawable:25.3.1] AndroidManifest.xml:22:5-24:34
MERGED from [com.android.support:support-vector-drawable:25.3.1] AndroidManifest.xml:22:5-24:34
MERGED from [com.android.support:support-compat:25.3.1] AndroidManifest.xml:25:5-27:34
	android:value
		ADDED from [com.android.support:mediarouter-v7:25.3.1] AndroidManifest.xml:24:9-31
	android:name
		ADDED from [com.android.support:mediarouter-v7:25.3.1] AndroidManifest.xml:23:9-47